
clock.elf:     file format elf32-avr

Sections:
Idx Name          Size      VMA       LMA       File off  Algn
  0 .data         00000010  00800100  0000078c  00000820  2**0
                  CONTENTS, ALLOC, LOAD, DATA
  1 .text         0000078c  00000000  00000000  00000094  2**1
                  CONTENTS, ALLOC, LOAD, READONLY, CODE
  2 .bss          00000014  00800110  00800110  00000830  2**0
                  ALLOC
  3 .stab         00000798  00000000  00000000  00000830  2**2
                  CONTENTS, READONLY, DEBUGGING
  4 .stabstr      00000ed0  00000000  00000000  00000fc8  2**0
                  CONTENTS, READONLY, DEBUGGING
  5 .comment      00000011  00000000  00000000  00001e98  2**0
                  CONTENTS, READONLY
  6 .note.gnu.avr.deviceinfo 00000040  00000000  00000000  00001eac  2**2
                  CONTENTS, READONLY
  7 .debug_info   000005f4  00000000  00000000  00001eec  2**0
                  CONTENTS, READONLY, DEBUGGING
  8 .debug_abbrev 000005a2  00000000  00000000  000024e0  2**0
                  CONTENTS, READONLY, DEBUGGING
  9 .debug_line   0000001a  00000000  00000000  00002a82  2**0
                  CONTENTS, READONLY, DEBUGGING
 10 .debug_str    00000208  00000000  00000000  00002a9c  2**0
                  CONTENTS, READONLY, DEBUGGING

Disassembly of section .text:

00000000 <__vectors>:
   0:	0c 94 34 00 	jmp	0x68	; 0x68 <__ctors_end>
   4:	0c 94 51 00 	jmp	0xa2	; 0xa2 <__bad_interrupt>
   8:	0c 94 51 00 	jmp	0xa2	; 0xa2 <__bad_interrupt>
   c:	0c 94 51 00 	jmp	0xa2	; 0xa2 <__bad_interrupt>
  10:	0c 94 51 00 	jmp	0xa2	; 0xa2 <__bad_interrupt>
  14:	0c 94 51 00 	jmp	0xa2	; 0xa2 <__bad_interrupt>
  18:	0c 94 51 00 	jmp	0xa2	; 0xa2 <__bad_interrupt>
  1c:	0c 94 51 00 	jmp	0xa2	; 0xa2 <__bad_interrupt>
  20:	0c 94 51 00 	jmp	0xa2	; 0xa2 <__bad_interrupt>
  24:	0c 94 51 00 	jmp	0xa2	; 0xa2 <__bad_interrupt>
  28:	0c 94 51 00 	jmp	0xa2	; 0xa2 <__bad_interrupt>
  2c:	0c 94 51 00 	jmp	0xa2	; 0xa2 <__bad_interrupt>
  30:	0c 94 51 00 	jmp	0xa2	; 0xa2 <__bad_interrupt>
  34:	0c 94 51 00 	jmp	0xa2	; 0xa2 <__bad_interrupt>
  38:	0c 94 51 00 	jmp	0xa2	; 0xa2 <__bad_interrupt>
  3c:	0c 94 51 00 	jmp	0xa2	; 0xa2 <__bad_interrupt>
  40:	0c 94 51 00 	jmp	0xa2	; 0xa2 <__bad_interrupt>
  44:	0c 94 51 00 	jmp	0xa2	; 0xa2 <__bad_interrupt>
  48:	0c 94 51 00 	jmp	0xa2	; 0xa2 <__bad_interrupt>
  4c:	0c 94 51 00 	jmp	0xa2	; 0xa2 <__bad_interrupt>
  50:	0c 94 51 00 	jmp	0xa2	; 0xa2 <__bad_interrupt>
  54:	0c 94 51 00 	jmp	0xa2	; 0xa2 <__bad_interrupt>
  58:	0c 94 51 00 	jmp	0xa2	; 0xa2 <__bad_interrupt>
  5c:	0c 94 51 00 	jmp	0xa2	; 0xa2 <__bad_interrupt>
  60:	0c 94 51 00 	jmp	0xa2	; 0xa2 <__bad_interrupt>
  64:	0c 94 51 00 	jmp	0xa2	; 0xa2 <__bad_interrupt>

00000068 <__ctors_end>:
  68:	11 24       	eor	r1, r1
  6a:	1f be       	out	0x3f, r1	; 63
  6c:	cf ef       	ldi	r28, 0xFF	; 255
  6e:	d8 e0       	ldi	r29, 0x08	; 8
  70:	de bf       	out	0x3e, r29	; 62
  72:	cd bf       	out	0x3d, r28	; 61

00000074 <__do_copy_data>:
  74:	11 e0       	ldi	r17, 0x01	; 1
  76:	a0 e0       	ldi	r26, 0x00	; 0
  78:	b1 e0       	ldi	r27, 0x01	; 1
  7a:	ec e8       	ldi	r30, 0x8C	; 140
  7c:	f7 e0       	ldi	r31, 0x07	; 7
  7e:	02 c0       	rjmp	.+4      	; 0x84 <__do_copy_data+0x10>
  80:	05 90       	lpm	r0, Z+
  82:	0d 92       	st	X+, r0
  84:	a0 31       	cpi	r26, 0x10	; 16
  86:	b1 07       	cpc	r27, r17
  88:	d9 f7       	brne	.-10     	; 0x80 <__do_copy_data+0xc>

0000008a <__do_clear_bss>:
  8a:	21 e0       	ldi	r18, 0x01	; 1
  8c:	a0 e1       	ldi	r26, 0x10	; 16
  8e:	b1 e0       	ldi	r27, 0x01	; 1
  90:	01 c0       	rjmp	.+2      	; 0x94 <.do_clear_bss_start>

00000092 <.do_clear_bss_loop>:
  92:	1d 92       	st	X+, r1

00000094 <.do_clear_bss_start>:
  94:	a4 32       	cpi	r26, 0x24	; 36
  96:	b2 07       	cpc	r27, r18
  98:	e1 f7       	brne	.-8      	; 0x92 <.do_clear_bss_loop>
  9a:	0e 94 73 00 	call	0xe6	; 0xe6 <main>
  9e:	0c 94 c4 03 	jmp	0x788	; 0x788 <_exit>

000000a2 <__bad_interrupt>:
  a2:	0c 94 00 00 	jmp	0	; 0x0 <__vectors>

000000a6 <uart_transmit>:

// transmisja jednego znaku
int uart_transmit(char data, FILE *stream)
{
  // czekaj aż transmiter gotowy
  while(!(UCSR0A & _BV(UDRE0)));
  a6:	90 91 c0 00 	lds	r25, 0x00C0	; 0x8000c0 <__TEXT_REGION_LENGTH__+0x7e00c0>
  aa:	95 ff       	sbrs	r25, 5
  ac:	fc cf       	rjmp	.-8      	; 0xa6 <uart_transmit>
  UDR0 = data;
  ae:	80 93 c6 00 	sts	0x00C6, r24	; 0x8000c6 <__TEXT_REGION_LENGTH__+0x7e00c6>
  return 0;
}
  b2:	80 e0       	ldi	r24, 0x00	; 0
  b4:	90 e0       	ldi	r25, 0x00	; 0
  b6:	08 95       	ret

000000b8 <uart_receive>:
// odczyt jednego znaku
int uart_receive(FILE *stream)
{
  // czekaj aż znak dostępny
  while (!(UCSR0A & _BV(RXC0)));
  b8:	80 91 c0 00 	lds	r24, 0x00C0	; 0x8000c0 <__TEXT_REGION_LENGTH__+0x7e00c0>
  bc:	87 ff       	sbrs	r24, 7
  be:	fc cf       	rjmp	.-8      	; 0xb8 <uart_receive>
  return UDR0;
  c0:	80 91 c6 00 	lds	r24, 0x00C6	; 0x8000c6 <__TEXT_REGION_LENGTH__+0x7e00c6>
}
  c4:	90 e0       	ldi	r25, 0x00	; 0
  c6:	08 95       	ret

000000c8 <uart_init>:

// inicjalizacja UART
void uart_init()
{
  // ustaw baudrate
  UBRR0 = UBRR_VALUE;
  c8:	87 e6       	ldi	r24, 0x67	; 103
  ca:	90 e0       	ldi	r25, 0x00	; 0
  cc:	90 93 c5 00 	sts	0x00C5, r25	; 0x8000c5 <__TEXT_REGION_LENGTH__+0x7e00c5>
  d0:	80 93 c4 00 	sts	0x00C4, r24	; 0x8000c4 <__TEXT_REGION_LENGTH__+0x7e00c4>
  // wyczyść rejestr UCSR0A
  UCSR0A = 0;
  d4:	10 92 c0 00 	sts	0x00C0, r1	; 0x8000c0 <__TEXT_REGION_LENGTH__+0x7e00c0>
  // włącz odbiornik i nadajnik
  UCSR0B = _BV(RXEN0) | _BV(TXEN0);
  d8:	88 e1       	ldi	r24, 0x18	; 24
  da:	80 93 c1 00 	sts	0x00C1, r24	; 0x8000c1 <__TEXT_REGION_LENGTH__+0x7e00c1>
  // ustaw format 8n1
  UCSR0C = _BV(UCSZ00) | _BV(UCSZ01);
  de:	86 e0       	ldi	r24, 0x06	; 6
  e0:	80 93 c2 00 	sts	0x00C2, r24	; 0x8000c2 <__TEXT_REGION_LENGTH__+0x7e00c2>
  e4:	08 95       	ret

000000e6 <main>:
}

FILE uart_file;

int main()
{
  e6:	cf 93       	push	r28
  e8:	df 93       	push	r29
  ea:	cd b7       	in	r28, 0x3d	; 61
  ec:	de b7       	in	r29, 0x3e	; 62
  ee:	2a 97       	sbiw	r28, 0x0a	; 10
  f0:	0f b6       	in	r0, 0x3f	; 63
  f2:	f8 94       	cli
  f4:	de bf       	out	0x3e, r29	; 62
  f6:	0f be       	out	0x3f, r0	; 63
  f8:	cd bf       	out	0x3d, r28	; 61

// inicjalizacja UART
void uart_init()
{
  // ustaw baudrate
  UBRR0 = UBRR_VALUE;
  fa:	87 e6       	ldi	r24, 0x67	; 103
  fc:	90 e0       	ldi	r25, 0x00	; 0
  fe:	90 93 c5 00 	sts	0x00C5, r25	; 0x8000c5 <__TEXT_REGION_LENGTH__+0x7e00c5>
 102:	80 93 c4 00 	sts	0x00C4, r24	; 0x8000c4 <__TEXT_REGION_LENGTH__+0x7e00c4>
  // wyczyść rejestr UCSR0A
  UCSR0A = 0;
 106:	10 92 c0 00 	sts	0x00C0, r1	; 0x8000c0 <__TEXT_REGION_LENGTH__+0x7e00c0>
  // włącz odbiornik i nadajnik
  UCSR0B = _BV(RXEN0) | _BV(TXEN0);
 10a:	88 e1       	ldi	r24, 0x18	; 24
 10c:	80 93 c1 00 	sts	0x00C1, r24	; 0x8000c1 <__TEXT_REGION_LENGTH__+0x7e00c1>
  // ustaw format 8n1
  UCSR0C = _BV(UCSZ00) | _BV(UCSZ01);
 110:	86 e0       	ldi	r24, 0x06	; 6
 112:	80 93 c2 00 	sts	0x00C2, r24	; 0x8000c2 <__TEXT_REGION_LENGTH__+0x7e00c2>
int main()
{
  // zainicjalizuj UART
  uart_init();
  // skonfiguruj strumienie wejścia/wyjścia
  fdev_setup_stream(&uart_file, uart_transmit, uart_receive, _FDEV_SETUP_RW);
 116:	80 e1       	ldi	r24, 0x10	; 16
 118:	91 e0       	ldi	r25, 0x01	; 1
 11a:	23 e5       	ldi	r18, 0x53	; 83
 11c:	30 e0       	ldi	r19, 0x00	; 0
 11e:	30 93 19 01 	sts	0x0119, r19	; 0x800119 <__data_end+0x9>
 122:	20 93 18 01 	sts	0x0118, r18	; 0x800118 <__data_end+0x8>
 126:	2c e5       	ldi	r18, 0x5C	; 92
 128:	30 e0       	ldi	r19, 0x00	; 0
 12a:	30 93 1b 01 	sts	0x011B, r19	; 0x80011b <__data_end+0xb>
 12e:	20 93 1a 01 	sts	0x011A, r18	; 0x80011a <__data_end+0xa>
 132:	23 e0       	ldi	r18, 0x03	; 3
 134:	20 93 13 01 	sts	0x0113, r18	; 0x800113 <__data_end+0x3>
 138:	10 92 1d 01 	sts	0x011D, r1	; 0x80011d <__data_end+0xd>
 13c:	10 92 1c 01 	sts	0x011C, r1	; 0x80011c <__data_end+0xc>
  stdin = stdout = stderr = &uart_file;
 140:	90 93 23 01 	sts	0x0123, r25	; 0x800123 <__iob+0x5>
 144:	80 93 22 01 	sts	0x0122, r24	; 0x800122 <__iob+0x4>
 148:	90 93 21 01 	sts	0x0121, r25	; 0x800121 <__iob+0x3>
 14c:	80 93 20 01 	sts	0x0120, r24	; 0x800120 <__iob+0x2>
 150:	90 93 1f 01 	sts	0x011F, r25	; 0x80011f <__iob+0x1>
 154:	80 93 1e 01 	sts	0x011E, r24	; 0x80011e <__iob>
    UCSR0B  &= ~_BV(RXEN0) & ~_BV(TXEN0);
 158:	80 91 c1 00 	lds	r24, 0x00C1	; 0x8000c1 <__TEXT_REGION_LENGTH__+0x7e00c1>
 15c:	87 7e       	andi	r24, 0xE7	; 231
 15e:	80 93 c1 00 	sts	0x00C1, r24	; 0x8000c1 <__TEXT_REGION_LENGTH__+0x7e00c1>

    //uint8_t numbers[10]={0b1,0b10,0b100,0b1000,0b10000,0b100000,0b1000000,0b10000000,0b00000000,0b11111111};
  //uint8_t numbers[10]={0b00010011,0b10011111,0b00100101,0b00001101,0b10011001,0b01001001,0b01000000,0b00011111,0b00000001,0b00001000};
    uint8_t numbers[10]={0b11000000,0b11111001,0b10100100,0b10110000,0b10011001,0b10010010,0b00000010,0b11111000,0b10000000,0b00010000};
 162:	8a e0       	ldi	r24, 0x0A	; 10
 164:	e0 e0       	ldi	r30, 0x00	; 0
 166:	f1 e0       	ldi	r31, 0x01	; 1
 168:	de 01       	movw	r26, r28
 16a:	11 96       	adiw	r26, 0x01	; 1
 16c:	01 90       	ld	r0, Z+
 16e:	0d 92       	st	X+, r0
 170:	8a 95       	dec	r24
 172:	e1 f7       	brne	.-8      	; 0x16c <main+0x86>
        // 7abc      11100000 00011111
        // 8abcdefg  11111110 00000001
        // 9abgfcddp 11110111 00001000


LED_DDR = 0xff; 
 174:	8f ef       	ldi	r24, 0xFF	; 255
 176:	8a b9       	out	0x0a, r24	; 10

  uint8_t i = 0;
 178:	10 e0       	ldi	r17, 0x00	; 0


  while(1) {
        if(i==10) i = 0;
        printf("%d\r\n",numbers[i]);
 17a:	8a e0       	ldi	r24, 0x0A	; 10
 17c:	e8 2e       	mov	r14, r24
 17e:	81 e0       	ldi	r24, 0x01	; 1
 180:	f8 2e       	mov	r15, r24
 182:	1e c0       	rjmp	.+60     	; 0x1c0 <main+0xda>
 184:	e1 2f       	mov	r30, r17
 186:	f0 e0       	ldi	r31, 0x00	; 0
 188:	1f 5f       	subi	r17, 0xFF	; 255
 18a:	81 e0       	ldi	r24, 0x01	; 1
 18c:	90 e0       	ldi	r25, 0x00	; 0
 18e:	8c 0f       	add	r24, r28
 190:	9d 1f       	adc	r25, r29
 192:	e8 0f       	add	r30, r24
 194:	f9 1f       	adc	r31, r25
 196:	00 81       	ld	r16, Z
 198:	1f 92       	push	r1
 19a:	0f 93       	push	r16
 19c:	ff 92       	push	r15
 19e:	ef 92       	push	r14
 1a0:	0e 94 e6 00 	call	0x1cc	; 0x1cc <printf>
        LED_PORT = numbers[i];
 1a4:	0b b9       	out	0x0b, r16	; 11
	#else
		//round up by default
		__ticks_dc = (uint32_t)(ceil(fabs(__tmp)));
	#endif

	__builtin_avr_delay_cycles(__ticks_dc);
 1a6:	9f ef       	ldi	r25, 0xFF	; 255
 1a8:	23 ed       	ldi	r18, 0xD3	; 211
 1aa:	80 e3       	ldi	r24, 0x30	; 48
 1ac:	91 50       	subi	r25, 0x01	; 1
 1ae:	20 40       	sbci	r18, 0x00	; 0
 1b0:	80 40       	sbci	r24, 0x00	; 0
 1b2:	e1 f7       	brne	.-8      	; 0x1ac <main+0xc6>
 1b4:	00 c0       	rjmp	.+0      	; 0x1b6 <main+0xd0>
 1b6:	00 00       	nop
        _delay_ms(1000);
        i++;
  }
 1b8:	0f 90       	pop	r0
 1ba:	0f 90       	pop	r0
 1bc:	0f 90       	pop	r0
 1be:	0f 90       	pop	r0

  uint8_t i = 0;


  while(1) {
        if(i==10) i = 0;
 1c0:	1a 30       	cpi	r17, 0x0A	; 10
 1c2:	01 f7       	brne	.-64     	; 0x184 <main+0x9e>
 1c4:	11 e0       	ldi	r17, 0x01	; 1
 1c6:	e0 e0       	ldi	r30, 0x00	; 0
 1c8:	f0 e0       	ldi	r31, 0x00	; 0
 1ca:	df cf       	rjmp	.-66     	; 0x18a <main+0xa4>

000001cc <printf>:
 1cc:	a0 e0       	ldi	r26, 0x00	; 0
 1ce:	b0 e0       	ldi	r27, 0x00	; 0
 1d0:	ec ee       	ldi	r30, 0xEC	; 236
 1d2:	f0 e0       	ldi	r31, 0x00	; 0
 1d4:	0c 94 9d 03 	jmp	0x73a	; 0x73a <__prologue_saves__+0x20>
 1d8:	ae 01       	movw	r20, r28
 1da:	4b 5f       	subi	r20, 0xFB	; 251
 1dc:	5f 4f       	sbci	r21, 0xFF	; 255
 1de:	fa 01       	movw	r30, r20
 1e0:	61 91       	ld	r22, Z+
 1e2:	71 91       	ld	r23, Z+
 1e4:	af 01       	movw	r20, r30
 1e6:	80 91 20 01 	lds	r24, 0x0120	; 0x800120 <__iob+0x2>
 1ea:	90 91 21 01 	lds	r25, 0x0121	; 0x800121 <__iob+0x3>
 1ee:	0e 94 fc 00 	call	0x1f8	; 0x1f8 <vfprintf>
 1f2:	e2 e0       	ldi	r30, 0x02	; 2
 1f4:	0c 94 b9 03 	jmp	0x772	; 0x772 <__epilogue_restores__+0x20>

000001f8 <vfprintf>:
 1f8:	ab e0       	ldi	r26, 0x0B	; 11
 1fa:	b0 e0       	ldi	r27, 0x00	; 0
 1fc:	e2 e0       	ldi	r30, 0x02	; 2
 1fe:	f1 e0       	ldi	r31, 0x01	; 1
 200:	0c 94 8d 03 	jmp	0x71a	; 0x71a <__prologue_saves__>
 204:	6c 01       	movw	r12, r24
 206:	7b 01       	movw	r14, r22
 208:	8a 01       	movw	r16, r20
 20a:	fc 01       	movw	r30, r24
 20c:	17 82       	std	Z+7, r1	; 0x07
 20e:	16 82       	std	Z+6, r1	; 0x06
 210:	83 81       	ldd	r24, Z+3	; 0x03
 212:	81 ff       	sbrs	r24, 1
 214:	cc c1       	rjmp	.+920    	; 0x5ae <__LOCK_REGION_LENGTH__+0x1ae>
 216:	ce 01       	movw	r24, r28
 218:	01 96       	adiw	r24, 0x01	; 1
 21a:	3c 01       	movw	r6, r24
 21c:	f6 01       	movw	r30, r12
 21e:	93 81       	ldd	r25, Z+3	; 0x03
 220:	f7 01       	movw	r30, r14
 222:	93 fd       	sbrc	r25, 3
 224:	85 91       	lpm	r24, Z+
 226:	93 ff       	sbrs	r25, 3
 228:	81 91       	ld	r24, Z+
 22a:	7f 01       	movw	r14, r30
 22c:	88 23       	and	r24, r24
 22e:	09 f4       	brne	.+2      	; 0x232 <vfprintf+0x3a>
 230:	ba c1       	rjmp	.+884    	; 0x5a6 <__LOCK_REGION_LENGTH__+0x1a6>
 232:	85 32       	cpi	r24, 0x25	; 37
 234:	39 f4       	brne	.+14     	; 0x244 <vfprintf+0x4c>
 236:	93 fd       	sbrc	r25, 3
 238:	85 91       	lpm	r24, Z+
 23a:	93 ff       	sbrs	r25, 3
 23c:	81 91       	ld	r24, Z+
 23e:	7f 01       	movw	r14, r30
 240:	85 32       	cpi	r24, 0x25	; 37
 242:	29 f4       	brne	.+10     	; 0x24e <vfprintf+0x56>
 244:	b6 01       	movw	r22, r12
 246:	90 e0       	ldi	r25, 0x00	; 0
 248:	0e 94 f3 02 	call	0x5e6	; 0x5e6 <fputc>
 24c:	e7 cf       	rjmp	.-50     	; 0x21c <vfprintf+0x24>
 24e:	91 2c       	mov	r9, r1
 250:	21 2c       	mov	r2, r1
 252:	31 2c       	mov	r3, r1
 254:	ff e1       	ldi	r31, 0x1F	; 31
 256:	f3 15       	cp	r31, r3
 258:	d8 f0       	brcs	.+54     	; 0x290 <vfprintf+0x98>
 25a:	8b 32       	cpi	r24, 0x2B	; 43
 25c:	79 f0       	breq	.+30     	; 0x27c <vfprintf+0x84>
 25e:	38 f4       	brcc	.+14     	; 0x26e <vfprintf+0x76>
 260:	80 32       	cpi	r24, 0x20	; 32
 262:	79 f0       	breq	.+30     	; 0x282 <vfprintf+0x8a>
 264:	83 32       	cpi	r24, 0x23	; 35
 266:	a1 f4       	brne	.+40     	; 0x290 <vfprintf+0x98>
 268:	23 2d       	mov	r18, r3
 26a:	20 61       	ori	r18, 0x10	; 16
 26c:	1d c0       	rjmp	.+58     	; 0x2a8 <vfprintf+0xb0>
 26e:	8d 32       	cpi	r24, 0x2D	; 45
 270:	61 f0       	breq	.+24     	; 0x28a <vfprintf+0x92>
 272:	80 33       	cpi	r24, 0x30	; 48
 274:	69 f4       	brne	.+26     	; 0x290 <vfprintf+0x98>
 276:	23 2d       	mov	r18, r3
 278:	21 60       	ori	r18, 0x01	; 1
 27a:	16 c0       	rjmp	.+44     	; 0x2a8 <vfprintf+0xb0>
 27c:	83 2d       	mov	r24, r3
 27e:	82 60       	ori	r24, 0x02	; 2
 280:	38 2e       	mov	r3, r24
 282:	e3 2d       	mov	r30, r3
 284:	e4 60       	ori	r30, 0x04	; 4
 286:	3e 2e       	mov	r3, r30
 288:	2a c0       	rjmp	.+84     	; 0x2de <vfprintf+0xe6>
 28a:	f3 2d       	mov	r31, r3
 28c:	f8 60       	ori	r31, 0x08	; 8
 28e:	1d c0       	rjmp	.+58     	; 0x2ca <vfprintf+0xd2>
 290:	37 fc       	sbrc	r3, 7
 292:	2d c0       	rjmp	.+90     	; 0x2ee <vfprintf+0xf6>
 294:	20 ed       	ldi	r18, 0xD0	; 208
 296:	28 0f       	add	r18, r24
 298:	2a 30       	cpi	r18, 0x0A	; 10
 29a:	40 f0       	brcs	.+16     	; 0x2ac <vfprintf+0xb4>
 29c:	8e 32       	cpi	r24, 0x2E	; 46
 29e:	b9 f4       	brne	.+46     	; 0x2ce <vfprintf+0xd6>
 2a0:	36 fc       	sbrc	r3, 6
 2a2:	81 c1       	rjmp	.+770    	; 0x5a6 <__LOCK_REGION_LENGTH__+0x1a6>
 2a4:	23 2d       	mov	r18, r3
 2a6:	20 64       	ori	r18, 0x40	; 64
 2a8:	32 2e       	mov	r3, r18
 2aa:	19 c0       	rjmp	.+50     	; 0x2de <vfprintf+0xe6>
 2ac:	36 fe       	sbrs	r3, 6
 2ae:	06 c0       	rjmp	.+12     	; 0x2bc <vfprintf+0xc4>
 2b0:	8a e0       	ldi	r24, 0x0A	; 10
 2b2:	98 9e       	mul	r9, r24
 2b4:	20 0d       	add	r18, r0
 2b6:	11 24       	eor	r1, r1
 2b8:	92 2e       	mov	r9, r18
 2ba:	11 c0       	rjmp	.+34     	; 0x2de <vfprintf+0xe6>
 2bc:	ea e0       	ldi	r30, 0x0A	; 10
 2be:	2e 9e       	mul	r2, r30
 2c0:	20 0d       	add	r18, r0
 2c2:	11 24       	eor	r1, r1
 2c4:	22 2e       	mov	r2, r18
 2c6:	f3 2d       	mov	r31, r3
 2c8:	f0 62       	ori	r31, 0x20	; 32
 2ca:	3f 2e       	mov	r3, r31
 2cc:	08 c0       	rjmp	.+16     	; 0x2de <vfprintf+0xe6>
 2ce:	8c 36       	cpi	r24, 0x6C	; 108
 2d0:	21 f4       	brne	.+8      	; 0x2da <vfprintf+0xe2>
 2d2:	83 2d       	mov	r24, r3
 2d4:	80 68       	ori	r24, 0x80	; 128
 2d6:	38 2e       	mov	r3, r24
 2d8:	02 c0       	rjmp	.+4      	; 0x2de <vfprintf+0xe6>
 2da:	88 36       	cpi	r24, 0x68	; 104
 2dc:	41 f4       	brne	.+16     	; 0x2ee <vfprintf+0xf6>
 2de:	f7 01       	movw	r30, r14
 2e0:	93 fd       	sbrc	r25, 3
 2e2:	85 91       	lpm	r24, Z+
 2e4:	93 ff       	sbrs	r25, 3
 2e6:	81 91       	ld	r24, Z+
 2e8:	7f 01       	movw	r14, r30
 2ea:	81 11       	cpse	r24, r1
 2ec:	b3 cf       	rjmp	.-154    	; 0x254 <vfprintf+0x5c>
 2ee:	98 2f       	mov	r25, r24
 2f0:	9f 7d       	andi	r25, 0xDF	; 223
 2f2:	95 54       	subi	r25, 0x45	; 69
 2f4:	93 30       	cpi	r25, 0x03	; 3
 2f6:	28 f4       	brcc	.+10     	; 0x302 <vfprintf+0x10a>
 2f8:	0c 5f       	subi	r16, 0xFC	; 252
 2fa:	1f 4f       	sbci	r17, 0xFF	; 255
 2fc:	9f e3       	ldi	r25, 0x3F	; 63
 2fe:	99 83       	std	Y+1, r25	; 0x01
 300:	0d c0       	rjmp	.+26     	; 0x31c <vfprintf+0x124>
 302:	83 36       	cpi	r24, 0x63	; 99
 304:	31 f0       	breq	.+12     	; 0x312 <vfprintf+0x11a>
 306:	83 37       	cpi	r24, 0x73	; 115
 308:	71 f0       	breq	.+28     	; 0x326 <vfprintf+0x12e>
 30a:	83 35       	cpi	r24, 0x53	; 83
 30c:	09 f0       	breq	.+2      	; 0x310 <vfprintf+0x118>
 30e:	59 c0       	rjmp	.+178    	; 0x3c2 <vfprintf+0x1ca>
 310:	21 c0       	rjmp	.+66     	; 0x354 <vfprintf+0x15c>
 312:	f8 01       	movw	r30, r16
 314:	80 81       	ld	r24, Z
 316:	89 83       	std	Y+1, r24	; 0x01
 318:	0e 5f       	subi	r16, 0xFE	; 254
 31a:	1f 4f       	sbci	r17, 0xFF	; 255
 31c:	88 24       	eor	r8, r8
 31e:	83 94       	inc	r8
 320:	91 2c       	mov	r9, r1
 322:	53 01       	movw	r10, r6
 324:	13 c0       	rjmp	.+38     	; 0x34c <vfprintf+0x154>
 326:	28 01       	movw	r4, r16
 328:	f2 e0       	ldi	r31, 0x02	; 2
 32a:	4f 0e       	add	r4, r31
 32c:	51 1c       	adc	r5, r1
 32e:	f8 01       	movw	r30, r16
 330:	a0 80       	ld	r10, Z
 332:	b1 80       	ldd	r11, Z+1	; 0x01
 334:	36 fe       	sbrs	r3, 6
 336:	03 c0       	rjmp	.+6      	; 0x33e <vfprintf+0x146>
 338:	69 2d       	mov	r22, r9
 33a:	70 e0       	ldi	r23, 0x00	; 0
 33c:	02 c0       	rjmp	.+4      	; 0x342 <vfprintf+0x14a>
 33e:	6f ef       	ldi	r22, 0xFF	; 255
 340:	7f ef       	ldi	r23, 0xFF	; 255
 342:	c5 01       	movw	r24, r10
 344:	0e 94 e8 02 	call	0x5d0	; 0x5d0 <strnlen>
 348:	4c 01       	movw	r8, r24
 34a:	82 01       	movw	r16, r4
 34c:	f3 2d       	mov	r31, r3
 34e:	ff 77       	andi	r31, 0x7F	; 127
 350:	3f 2e       	mov	r3, r31
 352:	16 c0       	rjmp	.+44     	; 0x380 <vfprintf+0x188>
 354:	28 01       	movw	r4, r16
 356:	22 e0       	ldi	r18, 0x02	; 2
 358:	42 0e       	add	r4, r18
 35a:	51 1c       	adc	r5, r1
 35c:	f8 01       	movw	r30, r16
 35e:	a0 80       	ld	r10, Z
 360:	b1 80       	ldd	r11, Z+1	; 0x01
 362:	36 fe       	sbrs	r3, 6
 364:	03 c0       	rjmp	.+6      	; 0x36c <vfprintf+0x174>
 366:	69 2d       	mov	r22, r9
 368:	70 e0       	ldi	r23, 0x00	; 0
 36a:	02 c0       	rjmp	.+4      	; 0x370 <vfprintf+0x178>
 36c:	6f ef       	ldi	r22, 0xFF	; 255
 36e:	7f ef       	ldi	r23, 0xFF	; 255
 370:	c5 01       	movw	r24, r10
 372:	0e 94 dd 02 	call	0x5ba	; 0x5ba <strnlen_P>
 376:	4c 01       	movw	r8, r24
 378:	f3 2d       	mov	r31, r3
 37a:	f0 68       	ori	r31, 0x80	; 128
 37c:	3f 2e       	mov	r3, r31
 37e:	82 01       	movw	r16, r4
 380:	33 fc       	sbrc	r3, 3
 382:	1b c0       	rjmp	.+54     	; 0x3ba <vfprintf+0x1c2>
 384:	82 2d       	mov	r24, r2
 386:	90 e0       	ldi	r25, 0x00	; 0
 388:	88 16       	cp	r8, r24
 38a:	99 06       	cpc	r9, r25
 38c:	b0 f4       	brcc	.+44     	; 0x3ba <vfprintf+0x1c2>
 38e:	b6 01       	movw	r22, r12
 390:	80 e2       	ldi	r24, 0x20	; 32
 392:	90 e0       	ldi	r25, 0x00	; 0
 394:	0e 94 f3 02 	call	0x5e6	; 0x5e6 <fputc>
 398:	2a 94       	dec	r2
 39a:	f4 cf       	rjmp	.-24     	; 0x384 <vfprintf+0x18c>
 39c:	f5 01       	movw	r30, r10
 39e:	37 fc       	sbrc	r3, 7
 3a0:	85 91       	lpm	r24, Z+
 3a2:	37 fe       	sbrs	r3, 7
 3a4:	81 91       	ld	r24, Z+
 3a6:	5f 01       	movw	r10, r30
 3a8:	b6 01       	movw	r22, r12
 3aa:	90 e0       	ldi	r25, 0x00	; 0
 3ac:	0e 94 f3 02 	call	0x5e6	; 0x5e6 <fputc>
 3b0:	21 10       	cpse	r2, r1
 3b2:	2a 94       	dec	r2
 3b4:	21 e0       	ldi	r18, 0x01	; 1
 3b6:	82 1a       	sub	r8, r18
 3b8:	91 08       	sbc	r9, r1
 3ba:	81 14       	cp	r8, r1
 3bc:	91 04       	cpc	r9, r1
 3be:	71 f7       	brne	.-36     	; 0x39c <vfprintf+0x1a4>
 3c0:	e8 c0       	rjmp	.+464    	; 0x592 <__LOCK_REGION_LENGTH__+0x192>
 3c2:	84 36       	cpi	r24, 0x64	; 100
 3c4:	11 f0       	breq	.+4      	; 0x3ca <vfprintf+0x1d2>
 3c6:	89 36       	cpi	r24, 0x69	; 105
 3c8:	41 f5       	brne	.+80     	; 0x41a <__LOCK_REGION_LENGTH__+0x1a>
 3ca:	f8 01       	movw	r30, r16
 3cc:	37 fe       	sbrs	r3, 7
 3ce:	07 c0       	rjmp	.+14     	; 0x3de <vfprintf+0x1e6>
 3d0:	60 81       	ld	r22, Z
 3d2:	71 81       	ldd	r23, Z+1	; 0x01
 3d4:	82 81       	ldd	r24, Z+2	; 0x02
 3d6:	93 81       	ldd	r25, Z+3	; 0x03
 3d8:	0c 5f       	subi	r16, 0xFC	; 252
 3da:	1f 4f       	sbci	r17, 0xFF	; 255
 3dc:	08 c0       	rjmp	.+16     	; 0x3ee <vfprintf+0x1f6>
 3de:	60 81       	ld	r22, Z
 3e0:	71 81       	ldd	r23, Z+1	; 0x01
 3e2:	07 2e       	mov	r0, r23
 3e4:	00 0c       	add	r0, r0
 3e6:	88 0b       	sbc	r24, r24
 3e8:	99 0b       	sbc	r25, r25
 3ea:	0e 5f       	subi	r16, 0xFE	; 254
 3ec:	1f 4f       	sbci	r17, 0xFF	; 255
 3ee:	f3 2d       	mov	r31, r3
 3f0:	ff 76       	andi	r31, 0x6F	; 111
 3f2:	3f 2e       	mov	r3, r31
 3f4:	97 ff       	sbrs	r25, 7
 3f6:	09 c0       	rjmp	.+18     	; 0x40a <__LOCK_REGION_LENGTH__+0xa>
 3f8:	90 95       	com	r25
 3fa:	80 95       	com	r24
 3fc:	70 95       	com	r23
 3fe:	61 95       	neg	r22
 400:	7f 4f       	sbci	r23, 0xFF	; 255
 402:	8f 4f       	sbci	r24, 0xFF	; 255
 404:	9f 4f       	sbci	r25, 0xFF	; 255
 406:	f0 68       	ori	r31, 0x80	; 128
 408:	3f 2e       	mov	r3, r31
 40a:	2a e0       	ldi	r18, 0x0A	; 10
 40c:	30 e0       	ldi	r19, 0x00	; 0
 40e:	a3 01       	movw	r20, r6
 410:	0e 94 2f 03 	call	0x65e	; 0x65e <__ultoa_invert>
 414:	88 2e       	mov	r8, r24
 416:	86 18       	sub	r8, r6
 418:	45 c0       	rjmp	.+138    	; 0x4a4 <__LOCK_REGION_LENGTH__+0xa4>
 41a:	85 37       	cpi	r24, 0x75	; 117
 41c:	31 f4       	brne	.+12     	; 0x42a <__LOCK_REGION_LENGTH__+0x2a>
 41e:	23 2d       	mov	r18, r3
 420:	2f 7e       	andi	r18, 0xEF	; 239
 422:	b2 2e       	mov	r11, r18
 424:	2a e0       	ldi	r18, 0x0A	; 10
 426:	30 e0       	ldi	r19, 0x00	; 0
 428:	25 c0       	rjmp	.+74     	; 0x474 <__LOCK_REGION_LENGTH__+0x74>
 42a:	93 2d       	mov	r25, r3
 42c:	99 7f       	andi	r25, 0xF9	; 249
 42e:	b9 2e       	mov	r11, r25
 430:	8f 36       	cpi	r24, 0x6F	; 111
 432:	c1 f0       	breq	.+48     	; 0x464 <__LOCK_REGION_LENGTH__+0x64>
 434:	18 f4       	brcc	.+6      	; 0x43c <__LOCK_REGION_LENGTH__+0x3c>
 436:	88 35       	cpi	r24, 0x58	; 88
 438:	79 f0       	breq	.+30     	; 0x458 <__LOCK_REGION_LENGTH__+0x58>
 43a:	b5 c0       	rjmp	.+362    	; 0x5a6 <__LOCK_REGION_LENGTH__+0x1a6>
 43c:	80 37       	cpi	r24, 0x70	; 112
 43e:	19 f0       	breq	.+6      	; 0x446 <__LOCK_REGION_LENGTH__+0x46>
 440:	88 37       	cpi	r24, 0x78	; 120
 442:	21 f0       	breq	.+8      	; 0x44c <__LOCK_REGION_LENGTH__+0x4c>
 444:	b0 c0       	rjmp	.+352    	; 0x5a6 <__LOCK_REGION_LENGTH__+0x1a6>
 446:	e9 2f       	mov	r30, r25
 448:	e0 61       	ori	r30, 0x10	; 16
 44a:	be 2e       	mov	r11, r30
 44c:	b4 fe       	sbrs	r11, 4
 44e:	0d c0       	rjmp	.+26     	; 0x46a <__LOCK_REGION_LENGTH__+0x6a>
 450:	fb 2d       	mov	r31, r11
 452:	f4 60       	ori	r31, 0x04	; 4
 454:	bf 2e       	mov	r11, r31
 456:	09 c0       	rjmp	.+18     	; 0x46a <__LOCK_REGION_LENGTH__+0x6a>
 458:	34 fe       	sbrs	r3, 4
 45a:	0a c0       	rjmp	.+20     	; 0x470 <__LOCK_REGION_LENGTH__+0x70>
 45c:	29 2f       	mov	r18, r25
 45e:	26 60       	ori	r18, 0x06	; 6
 460:	b2 2e       	mov	r11, r18
 462:	06 c0       	rjmp	.+12     	; 0x470 <__LOCK_REGION_LENGTH__+0x70>
 464:	28 e0       	ldi	r18, 0x08	; 8
 466:	30 e0       	ldi	r19, 0x00	; 0
 468:	05 c0       	rjmp	.+10     	; 0x474 <__LOCK_REGION_LENGTH__+0x74>
 46a:	20 e1       	ldi	r18, 0x10	; 16
 46c:	30 e0       	ldi	r19, 0x00	; 0
 46e:	02 c0       	rjmp	.+4      	; 0x474 <__LOCK_REGION_LENGTH__+0x74>
 470:	20 e1       	ldi	r18, 0x10	; 16
 472:	32 e0       	ldi	r19, 0x02	; 2
 474:	f8 01       	movw	r30, r16
 476:	b7 fe       	sbrs	r11, 7
 478:	07 c0       	rjmp	.+14     	; 0x488 <__LOCK_REGION_LENGTH__+0x88>
 47a:	60 81       	ld	r22, Z
 47c:	71 81       	ldd	r23, Z+1	; 0x01
 47e:	82 81       	ldd	r24, Z+2	; 0x02
 480:	93 81       	ldd	r25, Z+3	; 0x03
 482:	0c 5f       	subi	r16, 0xFC	; 252
 484:	1f 4f       	sbci	r17, 0xFF	; 255
 486:	06 c0       	rjmp	.+12     	; 0x494 <__LOCK_REGION_LENGTH__+0x94>
 488:	60 81       	ld	r22, Z
 48a:	71 81       	ldd	r23, Z+1	; 0x01
 48c:	80 e0       	ldi	r24, 0x00	; 0
 48e:	90 e0       	ldi	r25, 0x00	; 0
 490:	0e 5f       	subi	r16, 0xFE	; 254
 492:	1f 4f       	sbci	r17, 0xFF	; 255
 494:	a3 01       	movw	r20, r6
 496:	0e 94 2f 03 	call	0x65e	; 0x65e <__ultoa_invert>
 49a:	88 2e       	mov	r8, r24
 49c:	86 18       	sub	r8, r6
 49e:	fb 2d       	mov	r31, r11
 4a0:	ff 77       	andi	r31, 0x7F	; 127
 4a2:	3f 2e       	mov	r3, r31
 4a4:	36 fe       	sbrs	r3, 6
 4a6:	0d c0       	rjmp	.+26     	; 0x4c2 <__LOCK_REGION_LENGTH__+0xc2>
 4a8:	23 2d       	mov	r18, r3
 4aa:	2e 7f       	andi	r18, 0xFE	; 254
 4ac:	a2 2e       	mov	r10, r18
 4ae:	89 14       	cp	r8, r9
 4b0:	58 f4       	brcc	.+22     	; 0x4c8 <__LOCK_REGION_LENGTH__+0xc8>
 4b2:	34 fe       	sbrs	r3, 4
 4b4:	0b c0       	rjmp	.+22     	; 0x4cc <__LOCK_REGION_LENGTH__+0xcc>
 4b6:	32 fc       	sbrc	r3, 2
 4b8:	09 c0       	rjmp	.+18     	; 0x4cc <__LOCK_REGION_LENGTH__+0xcc>
 4ba:	83 2d       	mov	r24, r3
 4bc:	8e 7e       	andi	r24, 0xEE	; 238
 4be:	a8 2e       	mov	r10, r24
 4c0:	05 c0       	rjmp	.+10     	; 0x4cc <__LOCK_REGION_LENGTH__+0xcc>
 4c2:	b8 2c       	mov	r11, r8
 4c4:	a3 2c       	mov	r10, r3
 4c6:	03 c0       	rjmp	.+6      	; 0x4ce <__LOCK_REGION_LENGTH__+0xce>
 4c8:	b8 2c       	mov	r11, r8
 4ca:	01 c0       	rjmp	.+2      	; 0x4ce <__LOCK_REGION_LENGTH__+0xce>
 4cc:	b9 2c       	mov	r11, r9
 4ce:	a4 fe       	sbrs	r10, 4
 4d0:	0f c0       	rjmp	.+30     	; 0x4f0 <__LOCK_REGION_LENGTH__+0xf0>
 4d2:	fe 01       	movw	r30, r28
 4d4:	e8 0d       	add	r30, r8
 4d6:	f1 1d       	adc	r31, r1
 4d8:	80 81       	ld	r24, Z
 4da:	80 33       	cpi	r24, 0x30	; 48
 4dc:	21 f4       	brne	.+8      	; 0x4e6 <__LOCK_REGION_LENGTH__+0xe6>
 4de:	9a 2d       	mov	r25, r10
 4e0:	99 7e       	andi	r25, 0xE9	; 233
 4e2:	a9 2e       	mov	r10, r25
 4e4:	09 c0       	rjmp	.+18     	; 0x4f8 <__LOCK_REGION_LENGTH__+0xf8>
 4e6:	a2 fe       	sbrs	r10, 2
 4e8:	06 c0       	rjmp	.+12     	; 0x4f6 <__LOCK_REGION_LENGTH__+0xf6>
 4ea:	b3 94       	inc	r11
 4ec:	b3 94       	inc	r11
 4ee:	04 c0       	rjmp	.+8      	; 0x4f8 <__LOCK_REGION_LENGTH__+0xf8>
 4f0:	8a 2d       	mov	r24, r10
 4f2:	86 78       	andi	r24, 0x86	; 134
 4f4:	09 f0       	breq	.+2      	; 0x4f8 <__LOCK_REGION_LENGTH__+0xf8>
 4f6:	b3 94       	inc	r11
 4f8:	a3 fc       	sbrc	r10, 3
 4fa:	11 c0       	rjmp	.+34     	; 0x51e <__LOCK_REGION_LENGTH__+0x11e>
 4fc:	a0 fe       	sbrs	r10, 0
 4fe:	06 c0       	rjmp	.+12     	; 0x50c <__LOCK_REGION_LENGTH__+0x10c>
 500:	b2 14       	cp	r11, r2
 502:	88 f4       	brcc	.+34     	; 0x526 <__LOCK_REGION_LENGTH__+0x126>
 504:	28 0c       	add	r2, r8
 506:	92 2c       	mov	r9, r2
 508:	9b 18       	sub	r9, r11
 50a:	0e c0       	rjmp	.+28     	; 0x528 <__LOCK_REGION_LENGTH__+0x128>
 50c:	b2 14       	cp	r11, r2
 50e:	60 f4       	brcc	.+24     	; 0x528 <__LOCK_REGION_LENGTH__+0x128>
 510:	b6 01       	movw	r22, r12
 512:	80 e2       	ldi	r24, 0x20	; 32
 514:	90 e0       	ldi	r25, 0x00	; 0
 516:	0e 94 f3 02 	call	0x5e6	; 0x5e6 <fputc>
 51a:	b3 94       	inc	r11
 51c:	f7 cf       	rjmp	.-18     	; 0x50c <__LOCK_REGION_LENGTH__+0x10c>
 51e:	b2 14       	cp	r11, r2
 520:	18 f4       	brcc	.+6      	; 0x528 <__LOCK_REGION_LENGTH__+0x128>
 522:	2b 18       	sub	r2, r11
 524:	02 c0       	rjmp	.+4      	; 0x52a <__LOCK_REGION_LENGTH__+0x12a>
 526:	98 2c       	mov	r9, r8
 528:	21 2c       	mov	r2, r1
 52a:	a4 fe       	sbrs	r10, 4
 52c:	10 c0       	rjmp	.+32     	; 0x54e <__LOCK_REGION_LENGTH__+0x14e>
 52e:	b6 01       	movw	r22, r12
 530:	80 e3       	ldi	r24, 0x30	; 48
 532:	90 e0       	ldi	r25, 0x00	; 0
 534:	0e 94 f3 02 	call	0x5e6	; 0x5e6 <fputc>
 538:	a2 fe       	sbrs	r10, 2
 53a:	17 c0       	rjmp	.+46     	; 0x56a <__LOCK_REGION_LENGTH__+0x16a>
 53c:	a1 fc       	sbrc	r10, 1
 53e:	03 c0       	rjmp	.+6      	; 0x546 <__LOCK_REGION_LENGTH__+0x146>
 540:	88 e7       	ldi	r24, 0x78	; 120
 542:	90 e0       	ldi	r25, 0x00	; 0
 544:	02 c0       	rjmp	.+4      	; 0x54a <__LOCK_REGION_LENGTH__+0x14a>
 546:	88 e5       	ldi	r24, 0x58	; 88
 548:	90 e0       	ldi	r25, 0x00	; 0
 54a:	b6 01       	movw	r22, r12
 54c:	0c c0       	rjmp	.+24     	; 0x566 <__LOCK_REGION_LENGTH__+0x166>
 54e:	8a 2d       	mov	r24, r10
 550:	86 78       	andi	r24, 0x86	; 134
 552:	59 f0       	breq	.+22     	; 0x56a <__LOCK_REGION_LENGTH__+0x16a>
 554:	a1 fe       	sbrs	r10, 1
 556:	02 c0       	rjmp	.+4      	; 0x55c <__LOCK_REGION_LENGTH__+0x15c>
 558:	8b e2       	ldi	r24, 0x2B	; 43
 55a:	01 c0       	rjmp	.+2      	; 0x55e <__LOCK_REGION_LENGTH__+0x15e>
 55c:	80 e2       	ldi	r24, 0x20	; 32
 55e:	a7 fc       	sbrc	r10, 7
 560:	8d e2       	ldi	r24, 0x2D	; 45
 562:	b6 01       	movw	r22, r12
 564:	90 e0       	ldi	r25, 0x00	; 0
 566:	0e 94 f3 02 	call	0x5e6	; 0x5e6 <fputc>
 56a:	89 14       	cp	r8, r9
 56c:	38 f4       	brcc	.+14     	; 0x57c <__LOCK_REGION_LENGTH__+0x17c>
 56e:	b6 01       	movw	r22, r12
 570:	80 e3       	ldi	r24, 0x30	; 48
 572:	90 e0       	ldi	r25, 0x00	; 0
 574:	0e 94 f3 02 	call	0x5e6	; 0x5e6 <fputc>
 578:	9a 94       	dec	r9
 57a:	f7 cf       	rjmp	.-18     	; 0x56a <__LOCK_REGION_LENGTH__+0x16a>
 57c:	8a 94       	dec	r8
 57e:	f3 01       	movw	r30, r6
 580:	e8 0d       	add	r30, r8
 582:	f1 1d       	adc	r31, r1
 584:	80 81       	ld	r24, Z
 586:	b6 01       	movw	r22, r12
 588:	90 e0       	ldi	r25, 0x00	; 0
 58a:	0e 94 f3 02 	call	0x5e6	; 0x5e6 <fputc>
 58e:	81 10       	cpse	r8, r1
 590:	f5 cf       	rjmp	.-22     	; 0x57c <__LOCK_REGION_LENGTH__+0x17c>
 592:	22 20       	and	r2, r2
 594:	09 f4       	brne	.+2      	; 0x598 <__LOCK_REGION_LENGTH__+0x198>
 596:	42 ce       	rjmp	.-892    	; 0x21c <vfprintf+0x24>
 598:	b6 01       	movw	r22, r12
 59a:	80 e2       	ldi	r24, 0x20	; 32
 59c:	90 e0       	ldi	r25, 0x00	; 0
 59e:	0e 94 f3 02 	call	0x5e6	; 0x5e6 <fputc>
 5a2:	2a 94       	dec	r2
 5a4:	f6 cf       	rjmp	.-20     	; 0x592 <__LOCK_REGION_LENGTH__+0x192>
 5a6:	f6 01       	movw	r30, r12
 5a8:	86 81       	ldd	r24, Z+6	; 0x06
 5aa:	97 81       	ldd	r25, Z+7	; 0x07
 5ac:	02 c0       	rjmp	.+4      	; 0x5b2 <__LOCK_REGION_LENGTH__+0x1b2>
 5ae:	8f ef       	ldi	r24, 0xFF	; 255
 5b0:	9f ef       	ldi	r25, 0xFF	; 255
 5b2:	2b 96       	adiw	r28, 0x0b	; 11
 5b4:	e2 e1       	ldi	r30, 0x12	; 18
 5b6:	0c 94 a9 03 	jmp	0x752	; 0x752 <__epilogue_restores__>

000005ba <strnlen_P>:
 5ba:	fc 01       	movw	r30, r24
 5bc:	05 90       	lpm	r0, Z+
 5be:	61 50       	subi	r22, 0x01	; 1
 5c0:	70 40       	sbci	r23, 0x00	; 0
 5c2:	01 10       	cpse	r0, r1
 5c4:	d8 f7       	brcc	.-10     	; 0x5bc <strnlen_P+0x2>
 5c6:	80 95       	com	r24
 5c8:	90 95       	com	r25
 5ca:	8e 0f       	add	r24, r30
 5cc:	9f 1f       	adc	r25, r31
 5ce:	08 95       	ret

000005d0 <strnlen>:
 5d0:	fc 01       	movw	r30, r24
 5d2:	61 50       	subi	r22, 0x01	; 1
 5d4:	70 40       	sbci	r23, 0x00	; 0
 5d6:	01 90       	ld	r0, Z+
 5d8:	01 10       	cpse	r0, r1
 5da:	d8 f7       	brcc	.-10     	; 0x5d2 <strnlen+0x2>
 5dc:	80 95       	com	r24
 5de:	90 95       	com	r25
 5e0:	8e 0f       	add	r24, r30
 5e2:	9f 1f       	adc	r25, r31
 5e4:	08 95       	ret

000005e6 <fputc>:
 5e6:	0f 93       	push	r16
 5e8:	1f 93       	push	r17
 5ea:	cf 93       	push	r28
 5ec:	df 93       	push	r29
 5ee:	fb 01       	movw	r30, r22
 5f0:	23 81       	ldd	r18, Z+3	; 0x03
 5f2:	21 fd       	sbrc	r18, 1
 5f4:	03 c0       	rjmp	.+6      	; 0x5fc <fputc+0x16>
 5f6:	8f ef       	ldi	r24, 0xFF	; 255
 5f8:	9f ef       	ldi	r25, 0xFF	; 255
 5fa:	2c c0       	rjmp	.+88     	; 0x654 <fputc+0x6e>
 5fc:	22 ff       	sbrs	r18, 2
 5fe:	16 c0       	rjmp	.+44     	; 0x62c <fputc+0x46>
 600:	46 81       	ldd	r20, Z+6	; 0x06
 602:	57 81       	ldd	r21, Z+7	; 0x07
 604:	24 81       	ldd	r18, Z+4	; 0x04
 606:	35 81       	ldd	r19, Z+5	; 0x05
 608:	42 17       	cp	r20, r18
 60a:	53 07       	cpc	r21, r19
 60c:	44 f4       	brge	.+16     	; 0x61e <fputc+0x38>
 60e:	a0 81       	ld	r26, Z
 610:	b1 81       	ldd	r27, Z+1	; 0x01
 612:	9d 01       	movw	r18, r26
 614:	2f 5f       	subi	r18, 0xFF	; 255
 616:	3f 4f       	sbci	r19, 0xFF	; 255
 618:	31 83       	std	Z+1, r19	; 0x01
 61a:	20 83       	st	Z, r18
 61c:	8c 93       	st	X, r24
 61e:	26 81       	ldd	r18, Z+6	; 0x06
 620:	37 81       	ldd	r19, Z+7	; 0x07
 622:	2f 5f       	subi	r18, 0xFF	; 255
 624:	3f 4f       	sbci	r19, 0xFF	; 255
 626:	37 83       	std	Z+7, r19	; 0x07
 628:	26 83       	std	Z+6, r18	; 0x06
 62a:	14 c0       	rjmp	.+40     	; 0x654 <fputc+0x6e>
 62c:	8b 01       	movw	r16, r22
 62e:	ec 01       	movw	r28, r24
 630:	fb 01       	movw	r30, r22
 632:	00 84       	ldd	r0, Z+8	; 0x08
 634:	f1 85       	ldd	r31, Z+9	; 0x09
 636:	e0 2d       	mov	r30, r0
 638:	09 95       	icall
 63a:	89 2b       	or	r24, r25
 63c:	e1 f6       	brne	.-72     	; 0x5f6 <fputc+0x10>
 63e:	d8 01       	movw	r26, r16
 640:	16 96       	adiw	r26, 0x06	; 6
 642:	8d 91       	ld	r24, X+
 644:	9c 91       	ld	r25, X
 646:	17 97       	sbiw	r26, 0x07	; 7
 648:	01 96       	adiw	r24, 0x01	; 1
 64a:	17 96       	adiw	r26, 0x07	; 7
 64c:	9c 93       	st	X, r25
 64e:	8e 93       	st	-X, r24
 650:	16 97       	sbiw	r26, 0x06	; 6
 652:	ce 01       	movw	r24, r28
 654:	df 91       	pop	r29
 656:	cf 91       	pop	r28
 658:	1f 91       	pop	r17
 65a:	0f 91       	pop	r16
 65c:	08 95       	ret

0000065e <__ultoa_invert>:
 65e:	fa 01       	movw	r30, r20
 660:	aa 27       	eor	r26, r26
 662:	28 30       	cpi	r18, 0x08	; 8
 664:	51 f1       	breq	.+84     	; 0x6ba <__ultoa_invert+0x5c>
 666:	20 31       	cpi	r18, 0x10	; 16
 668:	81 f1       	breq	.+96     	; 0x6ca <__ultoa_invert+0x6c>
 66a:	e8 94       	clt
 66c:	6f 93       	push	r22
 66e:	6e 7f       	andi	r22, 0xFE	; 254
 670:	6e 5f       	subi	r22, 0xFE	; 254
 672:	7f 4f       	sbci	r23, 0xFF	; 255
 674:	8f 4f       	sbci	r24, 0xFF	; 255
 676:	9f 4f       	sbci	r25, 0xFF	; 255
 678:	af 4f       	sbci	r26, 0xFF	; 255
 67a:	b1 e0       	ldi	r27, 0x01	; 1
 67c:	3e d0       	rcall	.+124    	; 0x6fa <__ultoa_invert+0x9c>
 67e:	b4 e0       	ldi	r27, 0x04	; 4
 680:	3c d0       	rcall	.+120    	; 0x6fa <__ultoa_invert+0x9c>
 682:	67 0f       	add	r22, r23
 684:	78 1f       	adc	r23, r24
 686:	89 1f       	adc	r24, r25
 688:	9a 1f       	adc	r25, r26
 68a:	a1 1d       	adc	r26, r1
 68c:	68 0f       	add	r22, r24
 68e:	79 1f       	adc	r23, r25
 690:	8a 1f       	adc	r24, r26
 692:	91 1d       	adc	r25, r1
 694:	a1 1d       	adc	r26, r1
 696:	6a 0f       	add	r22, r26
 698:	71 1d       	adc	r23, r1
 69a:	81 1d       	adc	r24, r1
 69c:	91 1d       	adc	r25, r1
 69e:	a1 1d       	adc	r26, r1
 6a0:	20 d0       	rcall	.+64     	; 0x6e2 <__ultoa_invert+0x84>
 6a2:	09 f4       	brne	.+2      	; 0x6a6 <__ultoa_invert+0x48>
 6a4:	68 94       	set
 6a6:	3f 91       	pop	r19
 6a8:	2a e0       	ldi	r18, 0x0A	; 10
 6aa:	26 9f       	mul	r18, r22
 6ac:	11 24       	eor	r1, r1
 6ae:	30 19       	sub	r19, r0
 6b0:	30 5d       	subi	r19, 0xD0	; 208
 6b2:	31 93       	st	Z+, r19
 6b4:	de f6       	brtc	.-74     	; 0x66c <__ultoa_invert+0xe>
 6b6:	cf 01       	movw	r24, r30
 6b8:	08 95       	ret
 6ba:	46 2f       	mov	r20, r22
 6bc:	47 70       	andi	r20, 0x07	; 7
 6be:	40 5d       	subi	r20, 0xD0	; 208
 6c0:	41 93       	st	Z+, r20
 6c2:	b3 e0       	ldi	r27, 0x03	; 3
 6c4:	0f d0       	rcall	.+30     	; 0x6e4 <__ultoa_invert+0x86>
 6c6:	c9 f7       	brne	.-14     	; 0x6ba <__ultoa_invert+0x5c>
 6c8:	f6 cf       	rjmp	.-20     	; 0x6b6 <__ultoa_invert+0x58>
 6ca:	46 2f       	mov	r20, r22
 6cc:	4f 70       	andi	r20, 0x0F	; 15
 6ce:	40 5d       	subi	r20, 0xD0	; 208
 6d0:	4a 33       	cpi	r20, 0x3A	; 58
 6d2:	18 f0       	brcs	.+6      	; 0x6da <__ultoa_invert+0x7c>
 6d4:	49 5d       	subi	r20, 0xD9	; 217
 6d6:	31 fd       	sbrc	r19, 1
 6d8:	40 52       	subi	r20, 0x20	; 32
 6da:	41 93       	st	Z+, r20
 6dc:	02 d0       	rcall	.+4      	; 0x6e2 <__ultoa_invert+0x84>
 6de:	a9 f7       	brne	.-22     	; 0x6ca <__ultoa_invert+0x6c>
 6e0:	ea cf       	rjmp	.-44     	; 0x6b6 <__ultoa_invert+0x58>
 6e2:	b4 e0       	ldi	r27, 0x04	; 4
 6e4:	a6 95       	lsr	r26
 6e6:	97 95       	ror	r25
 6e8:	87 95       	ror	r24
 6ea:	77 95       	ror	r23
 6ec:	67 95       	ror	r22
 6ee:	ba 95       	dec	r27
 6f0:	c9 f7       	brne	.-14     	; 0x6e4 <__ultoa_invert+0x86>
 6f2:	00 97       	sbiw	r24, 0x00	; 0
 6f4:	61 05       	cpc	r22, r1
 6f6:	71 05       	cpc	r23, r1
 6f8:	08 95       	ret
 6fa:	9b 01       	movw	r18, r22
 6fc:	ac 01       	movw	r20, r24
 6fe:	0a 2e       	mov	r0, r26
 700:	06 94       	lsr	r0
 702:	57 95       	ror	r21
 704:	47 95       	ror	r20
 706:	37 95       	ror	r19
 708:	27 95       	ror	r18
 70a:	ba 95       	dec	r27
 70c:	c9 f7       	brne	.-14     	; 0x700 <__ultoa_invert+0xa2>
 70e:	62 0f       	add	r22, r18
 710:	73 1f       	adc	r23, r19
 712:	84 1f       	adc	r24, r20
 714:	95 1f       	adc	r25, r21
 716:	a0 1d       	adc	r26, r0
 718:	08 95       	ret

0000071a <__prologue_saves__>:
 71a:	2f 92       	push	r2
 71c:	3f 92       	push	r3
 71e:	4f 92       	push	r4
 720:	5f 92       	push	r5
 722:	6f 92       	push	r6
 724:	7f 92       	push	r7
 726:	8f 92       	push	r8
 728:	9f 92       	push	r9
 72a:	af 92       	push	r10
 72c:	bf 92       	push	r11
 72e:	cf 92       	push	r12
 730:	df 92       	push	r13
 732:	ef 92       	push	r14
 734:	ff 92       	push	r15
 736:	0f 93       	push	r16
 738:	1f 93       	push	r17
 73a:	cf 93       	push	r28
 73c:	df 93       	push	r29
 73e:	cd b7       	in	r28, 0x3d	; 61
 740:	de b7       	in	r29, 0x3e	; 62
 742:	ca 1b       	sub	r28, r26
 744:	db 0b       	sbc	r29, r27
 746:	0f b6       	in	r0, 0x3f	; 63
 748:	f8 94       	cli
 74a:	de bf       	out	0x3e, r29	; 62
 74c:	0f be       	out	0x3f, r0	; 63
 74e:	cd bf       	out	0x3d, r28	; 61
 750:	09 94       	ijmp

00000752 <__epilogue_restores__>:
 752:	2a 88       	ldd	r2, Y+18	; 0x12
 754:	39 88       	ldd	r3, Y+17	; 0x11
 756:	48 88       	ldd	r4, Y+16	; 0x10
 758:	5f 84       	ldd	r5, Y+15	; 0x0f
 75a:	6e 84       	ldd	r6, Y+14	; 0x0e
 75c:	7d 84       	ldd	r7, Y+13	; 0x0d
 75e:	8c 84       	ldd	r8, Y+12	; 0x0c
 760:	9b 84       	ldd	r9, Y+11	; 0x0b
 762:	aa 84       	ldd	r10, Y+10	; 0x0a
 764:	b9 84       	ldd	r11, Y+9	; 0x09
 766:	c8 84       	ldd	r12, Y+8	; 0x08
 768:	df 80       	ldd	r13, Y+7	; 0x07
 76a:	ee 80       	ldd	r14, Y+6	; 0x06
 76c:	fd 80       	ldd	r15, Y+5	; 0x05
 76e:	0c 81       	ldd	r16, Y+4	; 0x04
 770:	1b 81       	ldd	r17, Y+3	; 0x03
 772:	aa 81       	ldd	r26, Y+2	; 0x02
 774:	b9 81       	ldd	r27, Y+1	; 0x01
 776:	ce 0f       	add	r28, r30
 778:	d1 1d       	adc	r29, r1
 77a:	0f b6       	in	r0, 0x3f	; 63
 77c:	f8 94       	cli
 77e:	de bf       	out	0x3e, r29	; 62
 780:	0f be       	out	0x3f, r0	; 63
 782:	cd bf       	out	0x3d, r28	; 61
 784:	ed 01       	movw	r28, r26
 786:	08 95       	ret

00000788 <_exit>:
 788:	f8 94       	cli

0000078a <__stop_program>:
 78a:	ff cf       	rjmp	.-2      	; 0x78a <__stop_program>
